<?xml version="1.0" encoding="utf-8"?><testsuites name="pytest tests"><testsuite name="pytest" errors="0" failures="1" skipped="0" tests="25" time="5.584" timestamp="2026-08-08T00:29:45.533817+00:00" hostname="agent-env-82cbc9d0-c548-4838-9a45-70062efea4a4"><testcase classname="tests.backend_test.TestAuth" name="test_register_admin" time="0.436" /><testcase classname="tests.backend_test.TestAuth" name="test_register_duplicate" time="0.057" /><testcase classname="tests.backend_test.TestAuth" name="test_login_success" time="0.278" /><testcase classname="tests.backend_test.TestAuth" name="test_login_wrong_password" time="0.275" /><testcase classname="tests.backend_test.TestAuth" name="test_me" time="0.055" /><testcase classname="tests.backend_test.TestDrivers" name="test_create_driver" time="0.283" /><testcase classname="tests.backend_test.TestDrivers" name="test_list_drivers_contains_new" time="0.059" /><testcase classname="tests.backend_test.TestDrivers" name="test_driver_login" time="0.277" /><testcase classname="tests.backend_test.TestDrivers" name="test_update_driver" time="0.064" /><testcase classname="tests.backend_test.TestDrivers" name="test_drivers_forbidden_for_driver" time="0.055" /><testcase classname="tests.backend_test.TestDeliveries" name="test_create_delivery" time="0.890" /><testcase classname="tests.backend_test.TestDeliveries" name="test_create_delivery_assigned" time="0.639" /><testcase classname="tests.backend_test.TestDeliveries" name="test_list_deliveries_admin" time="0.053" /><testcase classname="tests.backend_test.TestDeliveries" name="test_list_deliveries_driver_only_assigned" time="0.056" /><testcase classname="tests.backend_test.TestDeliveries" name="test_status_transition" time="0.114" /><testcase classname="tests.backend_test.TestDeliveries" name="test_status_filter" time="0.061" /><testcase classname="tests.backend_test.TestRouteOptimize" name="test_optimize" time="1.038" /><testcase classname="tests.backend_test.TestDashboardBilling" name="test_dashboard" time="0.062" /><testcase classname="tests.backend_test.TestDashboardBilling" name="test_billing" time="0.056" /><testcase classname="tests.backend_test.TestLocation" name="test_update_and_list_location" time="0.123" /><testcase classname="tests.backend_test.TestNotifications" name="test_get_and_unread" time="0.111" /><testcase classname="tests.backend_test.TestNotifications" name="test_read_all" time="0.108" /><testcase classname="tests.backend_test.TestScan" name="test_scan_receipt" time="0.223"><failure message="AssertionError: 502 &lt;!DOCTYPE html&gt;&#10;  &lt;!--[if lt IE 7]&gt; &lt;html class=&quot;no-js ie6 oldie&quot; lang=&quot;en-US&quot;&gt; &lt;![endif]--&gt;&#10;  &lt;!--[if IE 7]&gt;    &lt;html class=&quot;no-js ie7 oldie&quot; lang=&quot;en-US&quot;&gt; &lt;![endif]--&gt;&#10;  &lt;!--[if IE 8]&gt;    &lt;html class=&quot;no-js ie8 oldie&quot; lang=&quot;en-US&quot;&gt; &lt;![endif]--&gt;&#10;  &lt;!--[if gt IE 8]&gt;&lt;!--&gt; &lt;html class=&quot;no-js&quot; lang=&quot;en-US&quot;&gt; &lt;!--&lt;![endif]--&gt;&#10;  &lt;head&gt;&#10;  &#10;  &lt;title&gt;preview.emergentagent.com | 502: Bad gateway&lt;/title&gt;&#10;  &lt;meta charset=&quot;UT&#10;assert 502 == 200&#10; +  where 502 = &lt;Response [502]&gt;.status_code">backend/tests/backend_test.py:312: in test_scan_receipt
    assert r.status_code == 200, f"{r.status_code} {r.text[:400]}"
E   AssertionError: 502 &lt;!DOCTYPE html&gt;
E     &lt;!--[if lt IE 7]&gt; &lt;html class="no-js ie6 oldie" lang="en-US"&gt; &lt;![endif]--&gt;
E     &lt;!--[if IE 7]&gt;    &lt;html class="no-js ie7 oldie" lang="en-US"&gt; &lt;![endif]--&gt;
E     &lt;!--[if IE 8]&gt;    &lt;html class="no-js ie8 oldie" lang="en-US"&gt; &lt;![endif]--&gt;
E     &lt;!--[if gt IE 8]&gt;&lt;!--&gt; &lt;html class="no-js" lang="en-US"&gt; &lt;!--&lt;![endif]--&gt;
E     &lt;head&gt;
E     
E     &lt;title&gt;preview.emergentagent.com | 502: Bad gateway&lt;/title&gt;
E     &lt;meta charset="UT
E   assert 502 == 200
E    +  where 502 = &lt;Response [502]&gt;.status_code</failure></testcase><testcase classname="tests.backend_test.TestCleanup" name="test_delete_delivery" time="0.053" /><testcase classname="tests.backend_test.TestCleanup" name="test_delete_driver" time="0.052" /></testsuite></testsuites>